<?xml version="1.0" encoding="UTF-8"?>
<!-- Generated by org.testng.reporters.JUnitReportReporter -->
<testsuite hostname="LAPTOP-Q4CH59L7" failures="0" tests="2" name="neoStoxTestclasses.ValidateNeoStoxAccBalance2" time="17.730" errors="0" timestamp="2022-12-03T12:43:50 IST" skipped="0">
  <testcase classname="neoStoxTestclasses.ValidateNeoStoxAccBalance2" name="validateUserID" time="8.631"/>
  <system-out>
    <![CDATA[Waiting for 1000ms
getting actual user name = Hi Suraj Kawade
reading username from property file
Waiting for 1000ms
getting actual user name = Hi Suraj Kawade
Waiting for 500ms
taking screenshot]]>
  </system-out>
  <testcase classname="neoStoxTestclasses.ValidateNeoStoxAccBalance2" name="validateAccBalance" time="9.099"/>
  <system-out>
    <![CDATA[Waiting for 1000ms
getting accBalance 
Account Balance is Rs.5,00,000.00
Waiting for 500ms
taking screenshot]]>
  </system-out>
</testsuite> <!-- neoStoxTestclasses.ValidateNeoStoxAccBalance2 -->
